# JRE version: Java(TM) SE Runtime Environment (8.0_101-b13) (build 1.8.0_101-b13)
# Java VM: Java HotSpot(TM) 64-Bit Server VM (25.101-b13 mixed mode windows-amd64 compressed oops)
Heap:
 PSYoungGen      total 173056K, used 37759K [0x00000000d5b00000, 0x00000000e1580000, 0x0000000100000000)
  eden space 159744K, 15% used [0x00000000d5b00000,0x00000000d73549e8,0x00000000df700000)
  from space 13312K, 96% used [0x00000000e0880000,0x00000000e150b268,0x00000000e1580000)
  to   space 15360K, 0% used [0x00000000df780000,0x00000000df780000,0x00000000e0680000)
 ParOldGen       total 105472K, used 21203K [0x0000000081000000, 0x0000000087700000, 0x00000000d5b00000)
  object space 105472K, 20% used [0x0000000081000000,0x00000000824b4fe0,0x0000000087700000)
 Metaspace       used 46477K, capacity 46996K, committed 47400K, reserved 1091584K
  class space    used 5985K, capacity 6117K, committed 6184K, reserved 1048576K
GC Heap History (10 events):
Event: 3.311 GC heap before
{Heap before GC invocations=8 (full 1):
 PSYoungGen      total 104448K, used 102705K [0x00000000d5b00000, 0x00000000dcd80000, 0x0000000100000000)
  eden space 95744K, 100% used [0x00000000d5b00000,0x00000000db880000,0x00000000db880000)
  from space 8704K, 79% used [0x00000000dc500000,0x00000000dcbcc568,0x00000000dcd80000)
  to   space 10752K, 0% used [0x00000000db880000,0x00000000db880000,0x00000000dc300000)
 ParOldGen       total 65536K, used 9799K [0x0000000081000000, 0x0000000085000000, 0x00000000d5b00000)
  object space 65536K, 14% used [0x0000000081000000,0x0000000081991ce0,0x0000000085000000)
 Metaspace       used 31666K, capacity 32102K, committed 32512K, reserved 1077248K
  class space    used 3920K, capacity 4049K, committed 4096K, reserved 1048576K
Event: 3.322 GC heap after
Heap after GC invocations=8 (full 1):
 PSYoungGen      total 106496K, used 10737K [0x00000000d5b00000, 0x00000000df880000, 0x0000000100000000)
  eden space 95744K, 0% used [0x00000000d5b00000,0x00000000d5b00000,0x00000000db880000)
  from space 10752K, 99% used [0x00000000db880000,0x00000000dc2fc568,0x00000000dc300000)
  to   space 12800K, 0% used [0x00000000dec00000,0x00000000dec00000,0x00000000df880000)
 ParOldGen       total 65536K, used 10707K [0x0000000081000000, 0x0000000085000000, 0x00000000d5b00000)
  object space 65536K, 16% used [0x0000000081000000,0x0000000081a74ca0,0x0000000085000000)
 Metaspace       used 31666K, capacity 32102K, committed 32512K, reserved 1077248K
  class space    used 3920K, capacity 4049K, committed 4096K, reserved 1048576K
}
Event: 3.901 GC heap before
{Heap before GC invocations=9 (full 1):
 PSYoungGen      total 106496K, used 55140K [0x00000000d5b00000, 0x00000000df880000, 0x0000000100000000)
  eden space 95744K, 46% used [0x00000000d5b00000,0x00000000d865cb70,0x00000000db880000)
  from space 10752K, 99% used [0x00000000db880000,0x00000000dc2fc568,0x00000000dc300000)
  to   space 12800K, 0% used [0x00000000dec00000,0x00000000dec00000,0x00000000df880000)
 ParOldGen       total 65536K, used 10707K [0x0000000081000000, 0x0000000085000000, 0x00000000d5b00000)
  object space 65536K, 16% used [0x0000000081000000,0x0000000081a74ca0,0x0000000085000000)
 Metaspace       used 34872K, capacity 35270K, committed 35496K, reserved 1081344K
  class space    used 4397K, capacity 4513K, committed 4520K, reserved 1048576K
Event: 3.914 GC heap after
Heap after GC invocations=9 (full 1):
 PSYoungGen      total 146432K, used 12795K [0x00000000d5b00000, 0x00000000dfe00000, 0x0000000100000000)
  eden space 133632K, 0% used [0x00000000d5b00000,0x00000000d5b00000,0x00000000ddd80000)
  from space 12800K, 99% used [0x00000000dec00000,0x00000000df87ede8,0x00000000df880000)
  to   space 14848K, 0% used [0x00000000ddd80000,0x00000000ddd80000,0x00000000dec00000)
 ParOldGen       total 65536K, used 11472K [0x0000000081000000, 0x0000000085000000, 0x00000000d5b00000)
  object space 65536K, 17% used [0x0000000081000000,0x0000000081b342e0,0x0000000085000000)
 Metaspace       used 34872K, capacity 35270K, committed 35496K, reserved 1081344K
  class space    used 4397K, capacity 4513K, committed 4520K, reserved 1048576K
}
Event: 3.914 GC heap before
{Heap before GC invocations=10 (full 2):
 PSYoungGen      total 146432K, used 12795K [0x00000000d5b00000, 0x00000000dfe00000, 0x0000000100000000)
  eden space 133632K, 0% used [0x00000000d5b00000,0x00000000d5b00000,0x00000000ddd80000)
  from space 12800K, 99% used [0x00000000dec00000,0x00000000df87ede8,0x00000000df880000)
  to   space 14848K, 0% used [0x00000000ddd80000,0x00000000ddd80000,0x00000000dec00000)
 ParOldGen       total 65536K, used 11472K [0x0000000081000000, 0x0000000085000000, 0x00000000d5b00000)
  object space 65536K, 17% used [0x0000000081000000,0x0000000081b342e0,0x0000000085000000)
 Metaspace       used 34872K, capacity 35270K, committed 35496K, reserved 1081344K
  class space    used 4397K, capacity 4513K, committed 4520K, reserved 1048576K
Event: 3.986 GC heap after
Heap after GC invocations=10 (full 2):
 PSYoungGen      total 146432K, used 0K [0x00000000d5b00000, 0x00000000dfe00000, 0x0000000100000000)
  eden space 133632K, 0% used [0x00000000d5b00000,0x00000000d5b00000,0x00000000ddd80000)
  from space 12800K, 0% used [0x00000000dec00000,0x00000000dec00000,0x00000000df880000)
  to   space 14848K, 0% used [0x00000000ddd80000,0x00000000ddd80000,0x00000000dec00000)
 ParOldGen       total 105472K, used 21187K [0x0000000081000000, 0x0000000087700000, 0x00000000d5b00000)
  object space 105472K, 20% used [0x0000000081000000,0x00000000824b0fe0,0x0000000087700000)
 Metaspace       used 34872K, capacity 35270K, committed 35496K, reserved 1081344K
  class space    used 4397K, capacity 4513K, committed 4520K, reserved 1048576K
}
Event: 5.123 GC heap before
{Heap before GC invocations=11 (full 2):
 PSYoungGen      total 146432K, used 133632K [0x00000000d5b00000, 0x00000000dfe00000, 0x0000000100000000)
  eden space 133632K, 100% used [0x00000000d5b00000,0x00000000ddd80000,0x00000000ddd80000)
  from space 12800K, 0% used [0x00000000dec00000,0x00000000dec00000,0x00000000df880000)
  to   space 14848K, 0% used [0x00000000ddd80000,0x00000000ddd80000,0x00000000dec00000)
 ParOldGen       total 105472K, used 21187K [0x0000000081000000, 0x0000000087700000, 0x00000000d5b00000)
  object space 105472K, 20% used [0x0000000081000000,0x00000000824b0fe0,0x0000000087700000)
 Metaspace       used 37756K, capacity 38260K, committed 38696K, reserved 1083392K
  class space    used 4773K, capacity 4878K, committed 4904K, reserved 1048576K
Event: 5.131 GC heap after
Heap after GC invocations=11 (full 2):
 PSYoungGen      total 148480K, used 7844K [0x00000000d5b00000, 0x00000000e1600000, 0x0000000100000000)
  eden space 133632K, 0% used [0x00000000d5b00000,0x00000000d5b00000,0x00000000ddd80000)
  from space 14848K, 52% used [0x00000000ddd80000,0x00000000de529308,0x00000000dec00000)
  to   space 13824K, 0% used [0x00000000e0880000,0x00000000e0880000,0x00000000e1600000)
 ParOldGen       total 105472K, used 21195K [0x0000000081000000, 0x0000000087700000, 0x00000000d5b00000)
  object space 105472K, 20% used [0x0000000081000000,0x00000000824b2fe0,0x0000000087700000)
 Metaspace       used 37756K, capacity 38260K, committed 38696K, reserved 1083392K
  class space    used 4773K, capacity 4878K, committed 4904K, reserved 1048576K
}
Event: 8.455 GC heap before
{Heap before GC invocations=12 (full 2):
 PSYoungGen      total 148480K, used 141476K [0x00000000d5b00000, 0x00000000e1600000, 0x0000000100000000)
  eden space 133632K, 100% used [0x00000000d5b00000,0x00000000ddd80000,0x00000000ddd80000)
  from space 14848K, 52% used [0x00000000ddd80000,0x00000000de529308,0x00000000dec00000)
  to   space 13824K, 0% used [0x00000000e0880000,0x00000000e0880000,0x00000000e1600000)
 ParOldGen       total 105472K, used 21195K [0x0000000081000000, 0x0000000087700000, 0x00000000d5b00000)
  object space 105472K, 20% used [0x0000000081000000,0x00000000824b2fe0,0x0000000087700000)
 Metaspace       used 44698K, capacity 45216K, committed 45608K, reserved 1089536K
  class space    used 5761K, capacity 5884K, committed 5928K, reserved 1048576K
Event: 8.464 GC heap after
Heap after GC invocations=12 (full 2):
 PSYoungGen      total 173056K, used 12844K [0x00000000d5b00000, 0x00000000e1580000, 0x0000000100000000)
  eden space 159744K, 0% used [0x00000000d5b00000,0x00000000d5b00000,0x00000000df700000)
  from space 13312K, 96% used [0x00000000e0880000,0x00000000e150b268,0x00000000e1580000)
  to   space 15360K, 0% used [0x00000000df780000,0x00000000df780000,0x00000000e0680000)
 ParOldGen       total 105472K, used 21203K [0x0000000081000000, 0x0000000087700000, 0x00000000d5b00000)
  object space 105472K, 20% used [0x0000000081000000,0x00000000824b4fe0,0x0000000087700000)
 Metaspace       used 44698K, capacity 45216K, committed 45608K, reserved 1089536K
  class space    used 5761K, capacity 5884K, committed 5928K, reserved 1048576K
}

