# JRE version: Java(TM) SE Runtime Environment (8.0_101-b13) (build 1.8.0_101-b13)
# Java VM: Java HotSpot(TM) 64-Bit Server VM (25.101-b13 mixed mode windows-amd64 compressed oops)
Heap:
 PSYoungGen      total 176640K, used 36684K [0x00000000d5b00000, 0x00000000e1980000, 0x0000000100000000)
  eden space 162816K, 14% used [0x00000000d5b00000,0x00000000d7153730,0x00000000dfa00000)
  from space 13824K, 99% used [0x00000000e0c00000,0x00000000e197fc88,0x00000000e1980000)
  to   space 15360K, 0% used [0x00000000dfb80000,0x00000000dfb80000,0x00000000e0a80000)
 ParOldGen       total 105984K, used 21247K [0x0000000081000000, 0x0000000087780000, 0x00000000d5b00000)
  object space 105984K, 20% used [0x0000000081000000,0x00000000824bfe38,0x0000000087780000)
 Metaspace       used 46655K, capacity 47171K, committed 47656K, reserved 1091584K
  class space    used 5998K, capacity 6125K, committed 6184K, reserved 1048576K
GC Heap History (10 events):
Event: 3.402 GC heap before
{Heap before GC invocations=8 (full 1):
 PSYoungGen      total 105472K, used 103734K [0x00000000d5b00000, 0x00000000dce80000, 0x0000000100000000)
  eden space 96768K, 100% used [0x00000000d5b00000,0x00000000db980000,0x00000000db980000)
  from space 8704K, 80% used [0x00000000dc600000,0x00000000dcccdb20,0x00000000dce80000)
  to   space 10752K, 0% used [0x00000000db980000,0x00000000db980000,0x00000000dc400000)
 ParOldGen       total 65536K, used 9765K [0x0000000081000000, 0x0000000085000000, 0x00000000d5b00000)
  object space 65536K, 14% used [0x0000000081000000,0x0000000081989400,0x0000000085000000)
 Metaspace       used 31601K, capacity 31980K, committed 32256K, reserved 1077248K
  class space    used 3915K, capacity 4011K, committed 4096K, reserved 1048576K
Event: 3.410 GC heap after
Heap after GC invocations=8 (full 1):
 PSYoungGen      total 107520K, used 10746K [0x00000000d5b00000, 0x00000000dfb00000, 0x0000000100000000)
  eden space 96768K, 0% used [0x00000000d5b00000,0x00000000d5b00000,0x00000000db980000)
  from space 10752K, 99% used [0x00000000db980000,0x00000000dc3feba8,0x00000000dc400000)
  to   space 12800K, 0% used [0x00000000dee80000,0x00000000dee80000,0x00000000dfb00000)
 ParOldGen       total 65536K, used 10338K [0x0000000081000000, 0x0000000085000000, 0x00000000d5b00000)
  object space 65536K, 15% used [0x0000000081000000,0x0000000081a18958,0x0000000085000000)
 Metaspace       used 31601K, capacity 31980K, committed 32256K, reserved 1077248K
  class space    used 3915K, capacity 4011K, committed 4096K, reserved 1048576K
}
Event: 4.032 GC heap before
{Heap before GC invocations=9 (full 1):
 PSYoungGen      total 107520K, used 55482K [0x00000000d5b00000, 0x00000000dfb00000, 0x0000000100000000)
  eden space 96768K, 46% used [0x00000000d5b00000,0x00000000d86affe8,0x00000000db980000)
  from space 10752K, 99% used [0x00000000db980000,0x00000000dc3feba8,0x00000000dc400000)
  to   space 12800K, 0% used [0x00000000dee80000,0x00000000dee80000,0x00000000dfb00000)
 ParOldGen       total 65536K, used 10338K [0x0000000081000000, 0x0000000085000000, 0x00000000d5b00000)
  object space 65536K, 15% used [0x0000000081000000,0x0000000081a18958,0x0000000085000000)
 Metaspace       used 34896K, capacity 35333K, committed 35496K, reserved 1081344K
  class space    used 4406K, capacity 4513K, committed 4520K, reserved 1048576K
Event: 4.045 GC heap after
Heap after GC invocations=9 (full 1):
 PSYoungGen      total 149504K, used 12785K [0x00000000d5b00000, 0x00000000dff80000, 0x0000000100000000)
  eden space 136704K, 0% used [0x00000000d5b00000,0x00000000d5b00000,0x00000000de080000)
  from space 12800K, 99% used [0x00000000dee80000,0x00000000dfafc4d0,0x00000000dfb00000)
  to   space 14336K, 0% used [0x00000000de080000,0x00000000de080000,0x00000000dee80000)
 ParOldGen       total 65536K, used 11046K [0x0000000081000000, 0x0000000085000000, 0x00000000d5b00000)
  object space 65536K, 16% used [0x0000000081000000,0x0000000081ac9888,0x0000000085000000)
 Metaspace       used 34896K, capacity 35333K, committed 35496K, reserved 1081344K
  class space    used 4406K, capacity 4513K, committed 4520K, reserved 1048576K
}
Event: 4.045 GC heap before
{Heap before GC invocations=10 (full 2):
 PSYoungGen      total 149504K, used 12785K [0x00000000d5b00000, 0x00000000dff80000, 0x0000000100000000)
  eden space 136704K, 0% used [0x00000000d5b00000,0x00000000d5b00000,0x00000000de080000)
  from space 12800K, 99% used [0x00000000dee80000,0x00000000dfafc4d0,0x00000000dfb00000)
  to   space 14336K, 0% used [0x00000000de080000,0x00000000de080000,0x00000000dee80000)
 ParOldGen       total 65536K, used 11046K [0x0000000081000000, 0x0000000085000000, 0x00000000d5b00000)
  object space 65536K, 16% used [0x0000000081000000,0x0000000081ac9888,0x0000000085000000)
 Metaspace       used 34896K, capacity 35333K, committed 35496K, reserved 1081344K
  class space    used 4406K, capacity 4513K, committed 4520K, reserved 1048576K
Event: 4.120 GC heap after
Heap after GC invocations=10 (full 2):
 PSYoungGen      total 149504K, used 0K [0x00000000d5b00000, 0x00000000dff80000, 0x0000000100000000)
  eden space 136704K, 0% used [0x00000000d5b00000,0x00000000d5b00000,0x00000000de080000)
  from space 12800K, 0% used [0x00000000dee80000,0x00000000dee80000,0x00000000dfb00000)
  to   space 14336K, 0% used [0x00000000de080000,0x00000000de080000,0x00000000dee80000)
 ParOldGen       total 105984K, used 21202K [0x0000000081000000, 0x0000000087780000, 0x00000000d5b00000)
  object space 105984K, 20% used [0x0000000081000000,0x00000000824b4988,0x0000000087780000)
 Metaspace       used 34896K, capacity 35333K, committed 35496K, reserved 1081344K
  class space    used 4406K, capacity 4513K, committed 4520K, reserved 1048576K
}
Event: 5.270 GC heap before
{Heap before GC invocations=11 (full 2):
 PSYoungGen      total 149504K, used 136704K [0x00000000d5b00000, 0x00000000dff80000, 0x0000000100000000)
  eden space 136704K, 100% used [0x00000000d5b00000,0x00000000de080000,0x00000000de080000)
  from space 12800K, 0% used [0x00000000dee80000,0x00000000dee80000,0x00000000dfb00000)
  to   space 14336K, 0% used [0x00000000de080000,0x00000000de080000,0x00000000dee80000)
 ParOldGen       total 105984K, used 21202K [0x0000000081000000, 0x0000000087780000, 0x00000000d5b00000)
  object space 105984K, 20% used [0x0000000081000000,0x00000000824b4988,0x0000000087780000)
 Metaspace       used 37875K, capacity 38355K, committed 38824K, reserved 1083392K
  class space    used 4791K, capacity 4910K, committed 5032K, reserved 1048576K
Event: 5.278 GC heap after
Heap after GC invocations=11 (full 2):
 PSYoungGen      total 151040K, used 8018K [0x00000000d5b00000, 0x00000000e1980000, 0x0000000100000000)
  eden space 136704K, 0% used [0x00000000d5b00000,0x00000000d5b00000,0x00000000de080000)
  from space 14336K, 55% used [0x00000000de080000,0x00000000de854bc8,0x00000000dee80000)
  to   space 13824K, 0% used [0x00000000e0c00000,0x00000000e0c00000,0x00000000e1980000)
 ParOldGen       total 105984K, used 21210K [0x0000000081000000, 0x0000000087780000, 0x00000000d5b00000)
  object space 105984K, 20% used [0x0000000081000000,0x00000000824b6988,0x0000000087780000)
 Metaspace       used 37875K, capacity 38355K, committed 38824K, reserved 1083392K
  class space    used 4791K, capacity 4910K, committed 5032K, reserved 1048576K
}
Event: 11.568 GC heap before
{Heap before GC invocations=12 (full 2):
 PSYoungGen      total 151040K, used 144722K [0x00000000d5b00000, 0x00000000e1980000, 0x0000000100000000)
  eden space 136704K, 100% used [0x00000000d5b00000,0x00000000de080000,0x00000000de080000)
  from space 14336K, 55% used [0x00000000de080000,0x00000000de854bc8,0x00000000dee80000)
  to   space 13824K, 0% used [0x00000000e0c00000,0x00000000e0c00000,0x00000000e1980000)
 ParOldGen       total 105984K, used 21210K [0x0000000081000000, 0x0000000087780000, 0x00000000d5b00000)
  object space 105984K, 20% used [0x0000000081000000,0x00000000824b6988,0x0000000087780000)
 Metaspace       used 45473K, capacity 46015K, committed 46504K, reserved 1089536K
  class space    used 5848K, capacity 5980K, committed 6056K, reserved 1048576K
Event: 11.579 GC heap after
Heap after GC invocations=12 (full 2):
 PSYoungGen      total 176640K, used 13823K [0x00000000d5b00000, 0x00000000e1980000, 0x0000000100000000)
  eden space 162816K, 0% used [0x00000000d5b00000,0x00000000d5b00000,0x00000000dfa00000)
  from space 13824K, 99% used [0x00000000e0c00000,0x00000000e197fc88,0x00000000e1980000)
  to   space 15360K, 0% used [0x00000000dfb80000,0x00000000dfb80000,0x00000000e0a80000)
 ParOldGen       total 105984K, used 21247K [0x0000000081000000, 0x0000000087780000, 0x00000000d5b00000)
  object space 105984K, 20% used [0x0000000081000000,0x00000000824bfe38,0x0000000087780000)
 Metaspace       used 45473K, capacity 46015K, committed 46504K, reserved 1089536K
  class space    used 5848K, capacity 5980K, committed 6056K, reserved 1048576K
}

